INFO:     Started server process [86862]
INFO:     Waiting for application startup.
ERROR 1: PROJ: internal_proj_identify: /Users/kaishiraishi/miniconda3/share/proj/proj.db contains DATABASE.LAYOUT.VERSION.MINOR = 2 whereas a number >= 6 is expected. It comes from another PROJ installation.
INFO:     Application startup complete.
INFO:     Uvicorn running on http://127.0.0.1:8000 (Press CTRL+C to quit)
[DSM] Warning: Failed to create transformer from DS.crs (Error creating Transformer from CRS.). Trying EPSG:6677 fallback.
[DSM] opened: /Users/kaishiraishi/Desktop/PLATEAU_AWARD/Plateau_tokyo_DSM/dsm_out/DSM_tokyo.tif
[DSM] CRS: LOCAL_CS["JGD2011 / Japan Plane Rectangular CS IX",UNIT["metre",1,AUTHORITY["EPSG","9001"]],AXIS["Easting",EAST],AXIS["Northing",NORTH]], size=87979x44232, nodata=0.0
INFO:     127.0.0.1:49717 - "HEAD /health HTTP/1.1" 405 Method Not Allowed
INFO:     127.0.0.1:49769 - "OPTIONS /profile HTTP/1.1" 200 OK
INFO:     127.0.0.1:49769 - "POST /profile HTTP/1.1" 500 Internal Server Error
ERROR:    Exception in ASGI application
rasterio._err.CPLE_AppDefinedError: /Users/kaishiraishi/Desktop/PLATEAU_AWARD/Plateau_tokyo_DSM/dsm_out/DSM_tokyo.tif:Using code not yet in table

The above exception was the direct cause of the following exception:

rasterio._err.CPLE_AppDefinedError: TIFFReadEncodedStrip() failed.

The above exception was the direct cause of the following exception:

Traceback (most recent call last):
  File "rasterio/_io.pyx", line 969, in rasterio._io.DatasetReaderBase._read
  File "rasterio/_io.pyx", line 199, in rasterio._io.io_multi_band
  File "rasterio/_io.pyx", line 205, in rasterio._io.io_multi_band
  File "rasterio/_err.pyx", line 325, in rasterio._err.StackChecker.exc_wrap_int
rasterio._err.CPLE_AppDefinedError: DSM_tokyo.tif, band 1: IReadBlock failed at X offset 0, Y offset 25472: TIFFReadEncodedStrip() failed.

The above exception was the direct cause of the following exception:

Traceback (most recent call last):
  File "/Users/kaishiraishi/.local/lib/python3.13/site-packages/uvicorn/protocols/http/h11_impl.py", line 403, in run_asgi
    result = await app(  # type: ignore[func-returns-value]
             ^^^^^^^^^^^^^^^^^^^^^^^^^^^^^^^^^^^^^^^^^^^^^^
        self.scope, self.receive, self.send
        ^^^^^^^^^^^^^^^^^^^^^^^^^^^^^^^^^^^
    )
    ^
  File "/Users/kaishiraishi/.local/lib/python3.13/site-packages/uvicorn/middleware/proxy_headers.py", line 60, in __call__
    return await self.app(scope, receive, send)
           ^^^^^^^^^^^^^^^^^^^^^^^^^^^^^^^^^^^^
  File "/Users/kaishiraishi/miniconda3/lib/python3.13/site-packages/fastapi/applications.py", line 1135, in __call__
    await super().__call__(scope, receive, send)
  File "/Users/kaishiraishi/.local/lib/python3.13/site-packages/starlette/applications.py", line 112, in __call__
    await self.middleware_stack(scope, receive, send)
  File "/Users/kaishiraishi/.local/lib/python3.13/site-packages/starlette/middleware/errors.py", line 187, in __call__
    raise exc
  File "/Users/kaishiraishi/.local/lib/python3.13/site-packages/starlette/middleware/errors.py", line 165, in __call__
    await self.app(scope, receive, _send)
  File "/Users/kaishiraishi/.local/lib/python3.13/site-packages/starlette/middleware/cors.py", line 93, in __call__
    await self.simple_response(scope, receive, send, request_headers=headers)
  File "/Users/kaishiraishi/.local/lib/python3.13/site-packages/starlette/middleware/cors.py", line 144, in simple_response
    await self.app(scope, receive, send)
  File "/Users/kaishiraishi/.local/lib/python3.13/site-packages/starlette/middleware/exceptions.py", line 62, in __call__
    await wrap_app_handling_exceptions(self.app, conn)(scope, receive, send)
  File "/Users/kaishiraishi/.local/lib/python3.13/site-packages/starlette/_exception_handler.py", line 53, in wrapped_app
    raise exc
  File "/Users/kaishiraishi/.local/lib/python3.13/site-packages/starlette/_exception_handler.py", line 42, in wrapped_app
    await app(scope, receive, sender)
  File "/Users/kaishiraishi/miniconda3/lib/python3.13/site-packages/fastapi/middleware/asyncexitstack.py", line 18, in __call__
    await self.app(scope, receive, send)
  File "/Users/kaishiraishi/.local/lib/python3.13/site-packages/starlette/routing.py", line 714, in __call__
    await self.middleware_stack(scope, receive, send)
  File "/Users/kaishiraishi/.local/lib/python3.13/site-packages/starlette/routing.py", line 734, in app
    await route.handle(scope, receive, send)
  File "/Users/kaishiraishi/.local/lib/python3.13/site-packages/starlette/routing.py", line 288, in handle
    await self.app(scope, receive, send)
  File "/Users/kaishiraishi/miniconda3/lib/python3.13/site-packages/fastapi/routing.py", line 115, in app
    await wrap_app_handling_exceptions(app, request)(scope, receive, send)
  File "/Users/kaishiraishi/.local/lib/python3.13/site-packages/starlette/_exception_handler.py", line 53, in wrapped_app
    raise exc
  File "/Users/kaishiraishi/.local/lib/python3.13/site-packages/starlette/_exception_handler.py", line 42, in wrapped_app
    await app(scope, receive, sender)
  File "/Users/kaishiraishi/miniconda3/lib/python3.13/site-packages/fastapi/routing.py", line 101, in app
    response = await f(request)
               ^^^^^^^^^^^^^^^^
  File "/Users/kaishiraishi/miniconda3/lib/python3.13/site-packages/fastapi/routing.py", line 355, in app
    raw_response = await run_endpoint_function(
                   ^^^^^^^^^^^^^^^^^^^^^^^^^^^^
    ...<3 lines>...
    )
    ^
  File "/Users/kaishiraishi/miniconda3/lib/python3.13/site-packages/fastapi/routing.py", line 245, in run_endpoint_function
    return await run_in_threadpool(dependant.call, **values)
           ^^^^^^^^^^^^^^^^^^^^^^^^^^^^^^^^^^^^^^^^^^^^^^^^^
  File "/Users/kaishiraishi/.local/lib/python3.13/site-packages/starlette/concurrency.py", line 37, in run_in_threadpool
    return await anyio.to_thread.run_sync(func)
           ^^^^^^^^^^^^^^^^^^^^^^^^^^^^^^^^^^^^
  File "/Users/kaishiraishi/.local/lib/python3.13/site-packages/anyio/to_thread.py", line 56, in run_sync
    return await get_async_backend().run_sync_in_worker_thread(
           ^^^^^^^^^^^^^^^^^^^^^^^^^^^^^^^^^^^^^^^^^^^^^^^^^^^^
        func, args, abandon_on_cancel=abandon_on_cancel, limiter=limiter
        ^^^^^^^^^^^^^^^^^^^^^^^^^^^^^^^^^^^^^^^^^^^^^^^^^^^^^^^^^^^^^^^^
    )
    ^
  File "/Users/kaishiraishi/.local/lib/python3.13/site-packages/anyio/_backends/_asyncio.py", line 2485, in run_sync_in_worker_thread
    return await future
           ^^^^^^^^^^^^
  File "/Users/kaishiraishi/.local/lib/python3.13/site-packages/anyio/_backends/_asyncio.py", line 976, in run
    result = context.run(func, *args)
  File "/Users/kaishiraishi/Desktop/tokyo_nightview_web_v2/tools/dsm-api/server.py", line 131, in get_profile
    for out_i, v in zip(valid_idx, DS.sample(valid_xy, indexes=1)):
                    ~~~^^^^^^^^^^^^^^^^^^^^^^^^^^^^^^^^^^^^^^^^^^^
  File "/Users/kaishiraishi/miniconda3/lib/python3.13/site-packages/rasterio/sample.py", line 95, in sample_gen
    data = read(indexes, window=win, masked=masked)
  File "rasterio/_io.pyx", line 644, in rasterio._io.DatasetReaderBase.read
  File "rasterio/_io.pyx", line 972, in rasterio._io.DatasetReaderBase._read
rasterio.errors.RasterioIOError: Read failed. See previous exception for details.
INFO:     127.0.0.1:49771 - "POST /profile HTTP/1.1" 200 OK
INFO:     127.0.0.1:49771 - "POST /profile HTTP/1.1" 200 OK
INFO:     127.0.0.1:49771 - "POST /profile HTTP/1.1" 200 OK
INFO:     127.0.0.1:49795 - "GET /health HTTP/1.1" 200 OK
INFO:     127.0.0.1:49771 - "POST /profile HTTP/1.1" 200 OK
INFO:     127.0.0.1:50069 - "POST /profile HTTP/1.1" 500 Internal Server Error
ERROR:    Exception in ASGI application
rasterio._err.CPLE_AppDefinedError: /Users/kaishiraishi/Desktop/PLATEAU_AWARD/Plateau_tokyo_DSM/dsm_out/DSM_tokyo.tif:Using code not yet in table

The above exception was the direct cause of the following exception:

rasterio._err.CPLE_AppDefinedError: TIFFReadEncodedStrip() failed.

The above exception was the direct cause of the following exception:

Traceback (most recent call last):
  File "rasterio/_io.pyx", line 969, in rasterio._io.DatasetReaderBase._read
  File "rasterio/_io.pyx", line 199, in rasterio._io.io_multi_band
  File "rasterio/_io.pyx", line 205, in rasterio._io.io_multi_band
  File "rasterio/_err.pyx", line 325, in rasterio._err.StackChecker.exc_wrap_int
rasterio._err.CPLE_AppDefinedError: DSM_tokyo.tif, band 1: IReadBlock failed at X offset 0, Y offset 26105: TIFFReadEncodedStrip() failed.

The above exception was the direct cause of the following exception:

Traceback (most recent call last):
  File "/Users/kaishiraishi/.local/lib/python3.13/site-packages/uvicorn/protocols/http/h11_impl.py", line 403, in run_asgi
    result = await app(  # type: ignore[func-returns-value]
             ^^^^^^^^^^^^^^^^^^^^^^^^^^^^^^^^^^^^^^^^^^^^^^
        self.scope, self.receive, self.send
        ^^^^^^^^^^^^^^^^^^^^^^^^^^^^^^^^^^^
    )
    ^
  File "/Users/kaishiraishi/.local/lib/python3.13/site-packages/uvicorn/middleware/proxy_headers.py", line 60, in __call__
    return await self.app(scope, receive, send)
           ^^^^^^^^^^^^^^^^^^^^^^^^^^^^^^^^^^^^
  File "/Users/kaishiraishi/miniconda3/lib/python3.13/site-packages/fastapi/applications.py", line 1135, in __call__
    await super().__call__(scope, receive, send)
  File "/Users/kaishiraishi/.local/lib/python3.13/site-packages/starlette/applications.py", line 112, in __call__
    await self.middleware_stack(scope, receive, send)
  File "/Users/kaishiraishi/.local/lib/python3.13/site-packages/starlette/middleware/errors.py", line 187, in __call__
    raise exc
  File "/Users/kaishiraishi/.local/lib/python3.13/site-packages/starlette/middleware/errors.py", line 165, in __call__
    await self.app(scope, receive, _send)
  File "/Users/kaishiraishi/.local/lib/python3.13/site-packages/starlette/middleware/cors.py", line 93, in __call__
    await self.simple_response(scope, receive, send, request_headers=headers)
  File "/Users/kaishiraishi/.local/lib/python3.13/site-packages/starlette/middleware/cors.py", line 144, in simple_response
    await self.app(scope, receive, send)
  File "/Users/kaishiraishi/.local/lib/python3.13/site-packages/starlette/middleware/exceptions.py", line 62, in __call__
    await wrap_app_handling_exceptions(self.app, conn)(scope, receive, send)
  File "/Users/kaishiraishi/.local/lib/python3.13/site-packages/starlette/_exception_handler.py", line 53, in wrapped_app
    raise exc
  File "/Users/kaishiraishi/.local/lib/python3.13/site-packages/starlette/_exception_handler.py", line 42, in wrapped_app
    await app(scope, receive, sender)
  File "/Users/kaishiraishi/miniconda3/lib/python3.13/site-packages/fastapi/middleware/asyncexitstack.py", line 18, in __call__
    await self.app(scope, receive, send)
  File "/Users/kaishiraishi/.local/lib/python3.13/site-packages/starlette/routing.py", line 714, in __call__
    await self.middleware_stack(scope, receive, send)
  File "/Users/kaishiraishi/.local/lib/python3.13/site-packages/starlette/routing.py", line 734, in app
    await route.handle(scope, receive, send)
  File "/Users/kaishiraishi/.local/lib/python3.13/site-packages/starlette/routing.py", line 288, in handle
    await self.app(scope, receive, send)
  File "/Users/kaishiraishi/miniconda3/lib/python3.13/site-packages/fastapi/routing.py", line 115, in app
    await wrap_app_handling_exceptions(app, request)(scope, receive, send)
  File "/Users/kaishiraishi/.local/lib/python3.13/site-packages/starlette/_exception_handler.py", line 53, in wrapped_app
    raise exc
  File "/Users/kaishiraishi/.local/lib/python3.13/site-packages/starlette/_exception_handler.py", line 42, in wrapped_app
    await app(scope, receive, sender)
  File "/Users/kaishiraishi/miniconda3/lib/python3.13/site-packages/fastapi/routing.py", line 101, in app
    response = await f(request)
               ^^^^^^^^^^^^^^^^
  File "/Users/kaishiraishi/miniconda3/lib/python3.13/site-packages/fastapi/routing.py", line 355, in app
    raw_response = await run_endpoint_function(
                   ^^^^^^^^^^^^^^^^^^^^^^^^^^^^
    ...<3 lines>...
    )
    ^
  File "/Users/kaishiraishi/miniconda3/lib/python3.13/site-packages/fastapi/routing.py", line 245, in run_endpoint_function
    return await run_in_threadpool(dependant.call, **values)
           ^^^^^^^^^^^^^^^^^^^^^^^^^^^^^^^^^^^^^^^^^^^^^^^^^
  File "/Users/kaishiraishi/.local/lib/python3.13/site-packages/starlette/concurrency.py", line 37, in run_in_threadpool
    return await anyio.to_thread.run_sync(func)
           ^^^^^^^^^^^^^^^^^^^^^^^^^^^^^^^^^^^^
  File "/Users/kaishiraishi/.local/lib/python3.13/site-packages/anyio/to_thread.py", line 56, in run_sync
    return await get_async_backend().run_sync_in_worker_thread(
           ^^^^^^^^^^^^^^^^^^^^^^^^^^^^^^^^^^^^^^^^^^^^^^^^^^^^
        func, args, abandon_on_cancel=abandon_on_cancel, limiter=limiter
        ^^^^^^^^^^^^^^^^^^^^^^^^^^^^^^^^^^^^^^^^^^^^^^^^^^^^^^^^^^^^^^^^
    )
    ^
  File "/Users/kaishiraishi/.local/lib/python3.13/site-packages/anyio/_backends/_asyncio.py", line 2485, in run_sync_in_worker_thread
    return await future
           ^^^^^^^^^^^^
  File "/Users/kaishiraishi/.local/lib/python3.13/site-packages/anyio/_backends/_asyncio.py", line 976, in run
    result = context.run(func, *args)
  File "/Users/kaishiraishi/Desktop/tokyo_nightview_web_v2/tools/dsm-api/server.py", line 131, in get_profile
    for out_i, v in zip(valid_idx, DS.sample(valid_xy, indexes=1)):
                    ~~~^^^^^^^^^^^^^^^^^^^^^^^^^^^^^^^^^^^^^^^^^^^
  File "/Users/kaishiraishi/miniconda3/lib/python3.13/site-packages/rasterio/sample.py", line 95, in sample_gen
    data = read(indexes, window=win, masked=masked)
  File "rasterio/_io.pyx", line 644, in rasterio._io.DatasetReaderBase.read
  File "rasterio/_io.pyx", line 972, in rasterio._io.DatasetReaderBase._read
rasterio.errors.RasterioIOError: Read failed. See previous exception for details.
INFO:     127.0.0.1:50070 - "POST /profile HTTP/1.1" 200 OK
INFO:     127.0.0.1:50070 - "POST /profile HTTP/1.1" 200 OK
INFO:     127.0.0.1:50070 - "POST /profile HTTP/1.1" 200 OK
INFO:     127.0.0.1:51183 - "POST /profile HTTP/1.1" 500 Internal Server Error
ERROR:    Exception in ASGI application
rasterio._err.CPLE_AppDefinedError: /Users/kaishiraishi/Desktop/PLATEAU_AWARD/Plateau_tokyo_DSM/dsm_out/DSM_tokyo.tif:Using code not yet in table

The above exception was the direct cause of the following exception:

rasterio._err.CPLE_AppDefinedError: TIFFReadEncodedStrip() failed.

The above exception was the direct cause of the following exception:

Traceback (most recent call last):
  File "rasterio/_io.pyx", line 969, in rasterio._io.DatasetReaderBase._read
  File "rasterio/_io.pyx", line 199, in rasterio._io.io_multi_band
  File "rasterio/_io.pyx", line 205, in rasterio._io.io_multi_band
  File "rasterio/_err.pyx", line 325, in rasterio._err.StackChecker.exc_wrap_int
rasterio._err.CPLE_AppDefinedError: DSM_tokyo.tif, band 1: IReadBlock failed at X offset 0, Y offset 22292: TIFFReadEncodedStrip() failed.

The above exception was the direct cause of the following exception:

Traceback (most recent call last):
  File "/Users/kaishiraishi/.local/lib/python3.13/site-packages/uvicorn/protocols/http/h11_impl.py", line 403, in run_asgi
    result = await app(  # type: ignore[func-returns-value]
             ^^^^^^^^^^^^^^^^^^^^^^^^^^^^^^^^^^^^^^^^^^^^^^
        self.scope, self.receive, self.send
        ^^^^^^^^^^^^^^^^^^^^^^^^^^^^^^^^^^^
    )
    ^
  File "/Users/kaishiraishi/.local/lib/python3.13/site-packages/uvicorn/middleware/proxy_headers.py", line 60, in __call__
    return await self.app(scope, receive, send)
           ^^^^^^^^^^^^^^^^^^^^^^^^^^^^^^^^^^^^
  File "/Users/kaishiraishi/miniconda3/lib/python3.13/site-packages/fastapi/applications.py", line 1135, in __call__
    await super().__call__(scope, receive, send)
  File "/Users/kaishiraishi/.local/lib/python3.13/site-packages/starlette/applications.py", line 112, in __call__
    await self.middleware_stack(scope, receive, send)
  File "/Users/kaishiraishi/.local/lib/python3.13/site-packages/starlette/middleware/errors.py", line 187, in __call__
    raise exc
  File "/Users/kaishiraishi/.local/lib/python3.13/site-packages/starlette/middleware/errors.py", line 165, in __call__
    await self.app(scope, receive, _send)
  File "/Users/kaishiraishi/.local/lib/python3.13/site-packages/starlette/middleware/cors.py", line 93, in __call__
    await self.simple_response(scope, receive, send, request_headers=headers)
  File "/Users/kaishiraishi/.local/lib/python3.13/site-packages/starlette/middleware/cors.py", line 144, in simple_response
    await self.app(scope, receive, send)
  File "/Users/kaishiraishi/.local/lib/python3.13/site-packages/starlette/middleware/exceptions.py", line 62, in __call__
    await wrap_app_handling_exceptions(self.app, conn)(scope, receive, send)
  File "/Users/kaishiraishi/.local/lib/python3.13/site-packages/starlette/_exception_handler.py", line 53, in wrapped_app
    raise exc
  File "/Users/kaishiraishi/.local/lib/python3.13/site-packages/starlette/_exception_handler.py", line 42, in wrapped_app
    await app(scope, receive, sender)
  File "/Users/kaishiraishi/miniconda3/lib/python3.13/site-packages/fastapi/middleware/asyncexitstack.py", line 18, in __call__
    await self.app(scope, receive, send)
  File "/Users/kaishiraishi/.local/lib/python3.13/site-packages/starlette/routing.py", line 714, in __call__
    await self.middleware_stack(scope, receive, send)
  File "/Users/kaishiraishi/.local/lib/python3.13/site-packages/starlette/routing.py", line 734, in app
    await route.handle(scope, receive, send)
  File "/Users/kaishiraishi/.local/lib/python3.13/site-packages/starlette/routing.py", line 288, in handle
    await self.app(scope, receive, send)
  File "/Users/kaishiraishi/miniconda3/lib/python3.13/site-packages/fastapi/routing.py", line 115, in app
    await wrap_app_handling_exceptions(app, request)(scope, receive, send)
  File "/Users/kaishiraishi/.local/lib/python3.13/site-packages/starlette/_exception_handler.py", line 53, in wrapped_app
    raise exc
  File "/Users/kaishiraishi/.local/lib/python3.13/site-packages/starlette/_exception_handler.py", line 42, in wrapped_app
    await app(scope, receive, sender)
  File "/Users/kaishiraishi/miniconda3/lib/python3.13/site-packages/fastapi/routing.py", line 101, in app
    response = await f(request)
               ^^^^^^^^^^^^^^^^
  File "/Users/kaishiraishi/miniconda3/lib/python3.13/site-packages/fastapi/routing.py", line 355, in app
    raw_response = await run_endpoint_function(
                   ^^^^^^^^^^^^^^^^^^^^^^^^^^^^
    ...<3 lines>...
    )
    ^
  File "/Users/kaishiraishi/miniconda3/lib/python3.13/site-packages/fastapi/routing.py", line 245, in run_endpoint_function
    return await run_in_threadpool(dependant.call, **values)
           ^^^^^^^^^^^^^^^^^^^^^^^^^^^^^^^^^^^^^^^^^^^^^^^^^
  File "/Users/kaishiraishi/.local/lib/python3.13/site-packages/starlette/concurrency.py", line 37, in run_in_threadpool
    return await anyio.to_thread.run_sync(func)
           ^^^^^^^^^^^^^^^^^^^^^^^^^^^^^^^^^^^^
  File "/Users/kaishiraishi/.local/lib/python3.13/site-packages/anyio/to_thread.py", line 56, in run_sync
    return await get_async_backend().run_sync_in_worker_thread(
           ^^^^^^^^^^^^^^^^^^^^^^^^^^^^^^^^^^^^^^^^^^^^^^^^^^^^
        func, args, abandon_on_cancel=abandon_on_cancel, limiter=limiter
        ^^^^^^^^^^^^^^^^^^^^^^^^^^^^^^^^^^^^^^^^^^^^^^^^^^^^^^^^^^^^^^^^
    )
    ^
  File "/Users/kaishiraishi/.local/lib/python3.13/site-packages/anyio/_backends/_asyncio.py", line 2485, in run_sync_in_worker_thread
    return await future
           ^^^^^^^^^^^^
  File "/Users/kaishiraishi/.local/lib/python3.13/site-packages/anyio/_backends/_asyncio.py", line 976, in run
    result = context.run(func, *args)
  File "/Users/kaishiraishi/Desktop/tokyo_nightview_web_v2/tools/dsm-api/server.py", line 131, in get_profile
    for out_i, v in zip(valid_idx, DS.sample(valid_xy, indexes=1)):
                    ~~~^^^^^^^^^^^^^^^^^^^^^^^^^^^^^^^^^^^^^^^^^^^
  File "/Users/kaishiraishi/miniconda3/lib/python3.13/site-packages/rasterio/sample.py", line 95, in sample_gen
    data = read(indexes, window=win, masked=masked)
  File "rasterio/_io.pyx", line 644, in rasterio._io.DatasetReaderBase.read
  File "rasterio/_io.pyx", line 972, in rasterio._io.DatasetReaderBase._read
rasterio.errors.RasterioIOError: Read failed. See previous exception for details.
INFO:     127.0.0.1:51184 - "POST /profile HTTP/1.1" 200 OK
INFO:     127.0.0.1:51184 - "POST /profile HTTP/1.1" 200 OK
INFO:     127.0.0.1:51356 - "POST /profile HTTP/1.1" 200 OK
INFO:     127.0.0.1:51356 - "POST /profile HTTP/1.1" 200 OK
INFO:     127.0.0.1:51356 - "POST /profile HTTP/1.1" 200 OK
INFO:     127.0.0.1:51356 - "POST /profile HTTP/1.1" 200 OK
INFO:     127.0.0.1:51356 - "POST /profile HTTP/1.1" 200 OK
INFO:     127.0.0.1:51427 - "POST /profile HTTP/1.1" 200 OK
INFO:     127.0.0.1:51427 - "POST /profile HTTP/1.1" 200 OK
INFO:     127.0.0.1:51427 - "POST /profile HTTP/1.1" 200 OK
INFO:     127.0.0.1:51427 - "POST /profile HTTP/1.1" 200 OK
INFO:     127.0.0.1:51450 - "POST /profile HTTP/1.1" 200 OK
INFO:     127.0.0.1:51546 - "POST /profile HTTP/1.1" 500 Internal Server Error
ERROR:    Exception in ASGI application
rasterio._err.CPLE_AppDefinedError: LZWDecode:Not enough data at scanline 27376 (short 16383 bytes)

The above exception was the direct cause of the following exception:

rasterio._err.CPLE_AppDefinedError: TIFFReadEncodedStrip() failed.

The above exception was the direct cause of the following exception:

Traceback (most recent call last):
  File "rasterio/_io.pyx", line 969, in rasterio._io.DatasetReaderBase._read
  File "rasterio/_io.pyx", line 199, in rasterio._io.io_multi_band
  File "rasterio/_io.pyx", line 205, in rasterio._io.io_multi_band
  File "rasterio/_err.pyx", line 325, in rasterio._err.StackChecker.exc_wrap_int
rasterio._err.CPLE_AppDefinedError: DSM_tokyo.tif, band 1: IReadBlock failed at X offset 0, Y offset 27376: TIFFReadEncodedStrip() failed.

The above exception was the direct cause of the following exception:

Traceback (most recent call last):
  File "/Users/kaishiraishi/.local/lib/python3.13/site-packages/uvicorn/protocols/http/h11_impl.py", line 403, in run_asgi
    result = await app(  # type: ignore[func-returns-value]
             ^^^^^^^^^^^^^^^^^^^^^^^^^^^^^^^^^^^^^^^^^^^^^^
        self.scope, self.receive, self.send
        ^^^^^^^^^^^^^^^^^^^^^^^^^^^^^^^^^^^
    )
    ^
  File "/Users/kaishiraishi/.local/lib/python3.13/site-packages/uvicorn/middleware/proxy_headers.py", line 60, in __call__
    return await self.app(scope, receive, send)
           ^^^^^^^^^^^^^^^^^^^^^^^^^^^^^^^^^^^^
  File "/Users/kaishiraishi/miniconda3/lib/python3.13/site-packages/fastapi/applications.py", line 1135, in __call__
    await super().__call__(scope, receive, send)
  File "/Users/kaishiraishi/.local/lib/python3.13/site-packages/starlette/applications.py", line 112, in __call__
    await self.middleware_stack(scope, receive, send)
  File "/Users/kaishiraishi/.local/lib/python3.13/site-packages/starlette/middleware/errors.py", line 187, in __call__
    raise exc
  File "/Users/kaishiraishi/.local/lib/python3.13/site-packages/starlette/middleware/errors.py", line 165, in __call__
    await self.app(scope, receive, _send)
  File "/Users/kaishiraishi/.local/lib/python3.13/site-packages/starlette/middleware/cors.py", line 93, in __call__
    await self.simple_response(scope, receive, send, request_headers=headers)
  File "/Users/kaishiraishi/.local/lib/python3.13/site-packages/starlette/middleware/cors.py", line 144, in simple_response
    await self.app(scope, receive, send)
  File "/Users/kaishiraishi/.local/lib/python3.13/site-packages/starlette/middleware/exceptions.py", line 62, in __call__
    await wrap_app_handling_exceptions(self.app, conn)(scope, receive, send)
  File "/Users/kaishiraishi/.local/lib/python3.13/site-packages/starlette/_exception_handler.py", line 53, in wrapped_app
    raise exc
  File "/Users/kaishiraishi/.local/lib/python3.13/site-packages/starlette/_exception_handler.py", line 42, in wrapped_app
    await app(scope, receive, sender)
  File "/Users/kaishiraishi/miniconda3/lib/python3.13/site-packages/fastapi/middleware/asyncexitstack.py", line 18, in __call__
    await self.app(scope, receive, send)
  File "/Users/kaishiraishi/.local/lib/python3.13/site-packages/starlette/routing.py", line 714, in __call__
    await self.middleware_stack(scope, receive, send)
  File "/Users/kaishiraishi/.local/lib/python3.13/site-packages/starlette/routing.py", line 734, in app
    await route.handle(scope, receive, send)
  File "/Users/kaishiraishi/.local/lib/python3.13/site-packages/starlette/routing.py", line 288, in handle
    await self.app(scope, receive, send)
  File "/Users/kaishiraishi/miniconda3/lib/python3.13/site-packages/fastapi/routing.py", line 115, in app
    await wrap_app_handling_exceptions(app, request)(scope, receive, send)
  File "/Users/kaishiraishi/.local/lib/python3.13/site-packages/starlette/_exception_handler.py", line 53, in wrapped_app
    raise exc
  File "/Users/kaishiraishi/.local/lib/python3.13/site-packages/starlette/_exception_handler.py", line 42, in wrapped_app
    await app(scope, receive, sender)
  File "/Users/kaishiraishi/miniconda3/lib/python3.13/site-packages/fastapi/routing.py", line 101, in app
    response = await f(request)
               ^^^^^^^^^^^^^^^^
  File "/Users/kaishiraishi/miniconda3/lib/python3.13/site-packages/fastapi/routing.py", line 355, in app
    raw_response = await run_endpoint_function(
                   ^^^^^^^^^^^^^^^^^^^^^^^^^^^^
    ...<3 lines>...
    )
    ^
  File "/Users/kaishiraishi/miniconda3/lib/python3.13/site-packages/fastapi/routing.py", line 245, in run_endpoint_function
    return await run_in_threadpool(dependant.call, **values)
           ^^^^^^^^^^^^^^^^^^^^^^^^^^^^^^^^^^^^^^^^^^^^^^^^^
  File "/Users/kaishiraishi/.local/lib/python3.13/site-packages/starlette/concurrency.py", line 37, in run_in_threadpool
    return await anyio.to_thread.run_sync(func)
           ^^^^^^^^^^^^^^^^^^^^^^^^^^^^^^^^^^^^
  File "/Users/kaishiraishi/.local/lib/python3.13/site-packages/anyio/to_thread.py", line 56, in run_sync
    return await get_async_backend().run_sync_in_worker_thread(
           ^^^^^^^^^^^^^^^^^^^^^^^^^^^^^^^^^^^^^^^^^^^^^^^^^^^^
        func, args, abandon_on_cancel=abandon_on_cancel, limiter=limiter
        ^^^^^^^^^^^^^^^^^^^^^^^^^^^^^^^^^^^^^^^^^^^^^^^^^^^^^^^^^^^^^^^^
    )
    ^
  File "/Users/kaishiraishi/.local/lib/python3.13/site-packages/anyio/_backends/_asyncio.py", line 2485, in run_sync_in_worker_thread
    return await future
           ^^^^^^^^^^^^
  File "/Users/kaishiraishi/.local/lib/python3.13/site-packages/anyio/_backends/_asyncio.py", line 976, in run
    result = context.run(func, *args)
  File "/Users/kaishiraishi/Desktop/tokyo_nightview_web_v2/tools/dsm-api/server.py", line 131, in get_profile
    for out_i, v in zip(valid_idx, DS.sample(valid_xy, indexes=1)):
                    ~~~^^^^^^^^^^^^^^^^^^^^^^^^^^^^^^^^^^^^^^^^^^^
  File "/Users/kaishiraishi/miniconda3/lib/python3.13/site-packages/rasterio/sample.py", line 95, in sample_gen
    data = read(indexes, window=win, masked=masked)
  File "rasterio/_io.pyx", line 644, in rasterio._io.DatasetReaderBase.read
  File "rasterio/_io.pyx", line 972, in rasterio._io.DatasetReaderBase._read
rasterio.errors.RasterioIOError: Read failed. See previous exception for details.
INFO:     127.0.0.1:51547 - "POST /profile HTTP/1.1" 200 OK
INFO:     127.0.0.1:51547 - "POST /profile HTTP/1.1" 200 OK
INFO:     127.0.0.1:51581 - "POST /profile HTTP/1.1" 200 OK
INFO:     127.0.0.1:51581 - "POST /profile HTTP/1.1" 200 OK
INFO:     127.0.0.1:51614 - "POST /profile HTTP/1.1" 200 OK
INFO:     127.0.0.1:51751 - "POST /profile HTTP/1.1" 500 Internal Server Error
ERROR:    Exception in ASGI application
rasterio._err.CPLE_AppDefinedError: /Users/kaishiraishi/Desktop/PLATEAU_AWARD/Plateau_tokyo_DSM/dsm_out/DSM_tokyo.tif:Using code not yet in table

The above exception was the direct cause of the following exception:

rasterio._err.CPLE_AppDefinedError: TIFFReadEncodedStrip() failed.

The above exception was the direct cause of the following exception:

Traceback (most recent call last):
  File "rasterio/_io.pyx", line 969, in rasterio._io.DatasetReaderBase._read
  File "rasterio/_io.pyx", line 199, in rasterio._io.io_multi_band
  File "rasterio/_io.pyx", line 205, in rasterio._io.io_multi_band
  File "rasterio/_err.pyx", line 325, in rasterio._err.StackChecker.exc_wrap_int
rasterio._err.CPLE_AppDefinedError: DSM_tokyo.tif, band 1: IReadBlock failed at X offset 0, Y offset 24467: TIFFReadEncodedStrip() failed.

The above exception was the direct cause of the following exception:

Traceback (most recent call last):
  File "/Users/kaishiraishi/.local/lib/python3.13/site-packages/uvicorn/protocols/http/h11_impl.py", line 403, in run_asgi
    result = await app(  # type: ignore[func-returns-value]
             ^^^^^^^^^^^^^^^^^^^^^^^^^^^^^^^^^^^^^^^^^^^^^^
        self.scope, self.receive, self.send
        ^^^^^^^^^^^^^^^^^^^^^^^^^^^^^^^^^^^
    )
    ^
  File "/Users/kaishiraishi/.local/lib/python3.13/site-packages/uvicorn/middleware/proxy_headers.py", line 60, in __call__
    return await self.app(scope, receive, send)
           ^^^^^^^^^^^^^^^^^^^^^^^^^^^^^^^^^^^^
  File "/Users/kaishiraishi/miniconda3/lib/python3.13/site-packages/fastapi/applications.py", line 1135, in __call__
    await super().__call__(scope, receive, send)
  File "/Users/kaishiraishi/.local/lib/python3.13/site-packages/starlette/applications.py", line 112, in __call__
    await self.middleware_stack(scope, receive, send)
  File "/Users/kaishiraishi/.local/lib/python3.13/site-packages/starlette/middleware/errors.py", line 187, in __call__
    raise exc
  File "/Users/kaishiraishi/.local/lib/python3.13/site-packages/starlette/middleware/errors.py", line 165, in __call__
    await self.app(scope, receive, _send)
  File "/Users/kaishiraishi/.local/lib/python3.13/site-packages/starlette/middleware/cors.py", line 93, in __call__
    await self.simple_response(scope, receive, send, request_headers=headers)
  File "/Users/kaishiraishi/.local/lib/python3.13/site-packages/starlette/middleware/cors.py", line 144, in simple_response
    await self.app(scope, receive, send)
  File "/Users/kaishiraishi/.local/lib/python3.13/site-packages/starlette/middleware/exceptions.py", line 62, in __call__
    await wrap_app_handling_exceptions(self.app, conn)(scope, receive, send)
  File "/Users/kaishiraishi/.local/lib/python3.13/site-packages/starlette/_exception_handler.py", line 53, in wrapped_app
    raise exc
  File "/Users/kaishiraishi/.local/lib/python3.13/site-packages/starlette/_exception_handler.py", line 42, in wrapped_app
    await app(scope, receive, sender)
  File "/Users/kaishiraishi/miniconda3/lib/python3.13/site-packages/fastapi/middleware/asyncexitstack.py", line 18, in __call__
    await self.app(scope, receive, send)
  File "/Users/kaishiraishi/.local/lib/python3.13/site-packages/starlette/routing.py", line 714, in __call__
    await self.middleware_stack(scope, receive, send)
  File "/Users/kaishiraishi/.local/lib/python3.13/site-packages/starlette/routing.py", line 734, in app
    await route.handle(scope, receive, send)
  File "/Users/kaishiraishi/.local/lib/python3.13/site-packages/starlette/routing.py", line 288, in handle
    await self.app(scope, receive, send)
  File "/Users/kaishiraishi/miniconda3/lib/python3.13/site-packages/fastapi/routing.py", line 115, in app
    await wrap_app_handling_exceptions(app, request)(scope, receive, send)
  File "/Users/kaishiraishi/.local/lib/python3.13/site-packages/starlette/_exception_handler.py", line 53, in wrapped_app
    raise exc
  File "/Users/kaishiraishi/.local/lib/python3.13/site-packages/starlette/_exception_handler.py", line 42, in wrapped_app
    await app(scope, receive, sender)
  File "/Users/kaishiraishi/miniconda3/lib/python3.13/site-packages/fastapi/routing.py", line 101, in app
    response = await f(request)
               ^^^^^^^^^^^^^^^^
  File "/Users/kaishiraishi/miniconda3/lib/python3.13/site-packages/fastapi/routing.py", line 355, in app
    raw_response = await run_endpoint_function(
                   ^^^^^^^^^^^^^^^^^^^^^^^^^^^^
    ...<3 lines>...
    )
    ^
  File "/Users/kaishiraishi/miniconda3/lib/python3.13/site-packages/fastapi/routing.py", line 245, in run_endpoint_function
    return await run_in_threadpool(dependant.call, **values)
           ^^^^^^^^^^^^^^^^^^^^^^^^^^^^^^^^^^^^^^^^^^^^^^^^^
  File "/Users/kaishiraishi/.local/lib/python3.13/site-packages/starlette/concurrency.py", line 37, in run_in_threadpool
    return await anyio.to_thread.run_sync(func)
           ^^^^^^^^^^^^^^^^^^^^^^^^^^^^^^^^^^^^
  File "/Users/kaishiraishi/.local/lib/python3.13/site-packages/anyio/to_thread.py", line 56, in run_sync
    return await get_async_backend().run_sync_in_worker_thread(
           ^^^^^^^^^^^^^^^^^^^^^^^^^^^^^^^^^^^^^^^^^^^^^^^^^^^^
        func, args, abandon_on_cancel=abandon_on_cancel, limiter=limiter
        ^^^^^^^^^^^^^^^^^^^^^^^^^^^^^^^^^^^^^^^^^^^^^^^^^^^^^^^^^^^^^^^^
    )
    ^
  File "/Users/kaishiraishi/.local/lib/python3.13/site-packages/anyio/_backends/_asyncio.py", line 2485, in run_sync_in_worker_thread
    return await future
           ^^^^^^^^^^^^
  File "/Users/kaishiraishi/.local/lib/python3.13/site-packages/anyio/_backends/_asyncio.py", line 976, in run
    result = context.run(func, *args)
  File "/Users/kaishiraishi/Desktop/tokyo_nightview_web_v2/tools/dsm-api/server.py", line 131, in get_profile
    for out_i, v in zip(valid_idx, DS.sample(valid_xy, indexes=1)):
                    ~~~^^^^^^^^^^^^^^^^^^^^^^^^^^^^^^^^^^^^^^^^^^^
  File "/Users/kaishiraishi/miniconda3/lib/python3.13/site-packages/rasterio/sample.py", line 95, in sample_gen
    data = read(indexes, window=win, masked=masked)
  File "rasterio/_io.pyx", line 644, in rasterio._io.DatasetReaderBase.read
  File "rasterio/_io.pyx", line 972, in rasterio._io.DatasetReaderBase._read
rasterio.errors.RasterioIOError: Read failed. See previous exception for details.
INFO:     127.0.0.1:51746 - "POST /profile HTTP/1.1" 200 OK
INFO:     127.0.0.1:51746 - "POST /profile HTTP/1.1" 200 OK
INFO:     127.0.0.1:51770 - "POST /profile HTTP/1.1" 200 OK
INFO:     127.0.0.1:51770 - "POST /profile HTTP/1.1" 200 OK
INFO:     127.0.0.1:51833 - "POST /profile HTTP/1.1" 200 OK
INFO:     127.0.0.1:51920 - "POST /profile HTTP/1.1" 500 Internal Server Error
ERROR:    Exception in ASGI application
rasterio._err.CPLE_AppDefinedError: /Users/kaishiraishi/Desktop/PLATEAU_AWARD/Plateau_tokyo_DSM/dsm_out/DSM_tokyo.tif:Using code not yet in table

The above exception was the direct cause of the following exception:

rasterio._err.CPLE_AppDefinedError: TIFFReadEncodedStrip() failed.

The above exception was the direct cause of the following exception:

Traceback (most recent call last):
  File "rasterio/_io.pyx", line 969, in rasterio._io.DatasetReaderBase._read
  File "rasterio/_io.pyx", line 199, in rasterio._io.io_multi_band
  File "rasterio/_io.pyx", line 205, in rasterio._io.io_multi_band
  File "rasterio/_err.pyx", line 325, in rasterio._err.StackChecker.exc_wrap_int
rasterio._err.CPLE_AppDefinedError: DSM_tokyo.tif, band 1: IReadBlock failed at X offset 0, Y offset 23588: TIFFReadEncodedStrip() failed.

The above exception was the direct cause of the following exception:

Traceback (most recent call last):
  File "/Users/kaishiraishi/.local/lib/python3.13/site-packages/uvicorn/protocols/http/h11_impl.py", line 403, in run_asgi
    result = await app(  # type: ignore[func-returns-value]
             ^^^^^^^^^^^^^^^^^^^^^^^^^^^^^^^^^^^^^^^^^^^^^^
        self.scope, self.receive, self.send
        ^^^^^^^^^^^^^^^^^^^^^^^^^^^^^^^^^^^
    )
    ^
  File "/Users/kaishiraishi/.local/lib/python3.13/site-packages/uvicorn/middleware/proxy_headers.py", line 60, in __call__
    return await self.app(scope, receive, send)
           ^^^^^^^^^^^^^^^^^^^^^^^^^^^^^^^^^^^^
  File "/Users/kaishiraishi/miniconda3/lib/python3.13/site-packages/fastapi/applications.py", line 1135, in __call__
    await super().__call__(scope, receive, send)
  File "/Users/kaishiraishi/.local/lib/python3.13/site-packages/starlette/applications.py", line 112, in __call__
    await self.middleware_stack(scope, receive, send)
  File "/Users/kaishiraishi/.local/lib/python3.13/site-packages/starlette/middleware/errors.py", line 187, in __call__
    raise exc
  File "/Users/kaishiraishi/.local/lib/python3.13/site-packages/starlette/middleware/errors.py", line 165, in __call__
    await self.app(scope, receive, _send)
  File "/Users/kaishiraishi/.local/lib/python3.13/site-packages/starlette/middleware/cors.py", line 93, in __call__
    await self.simple_response(scope, receive, send, request_headers=headers)
  File "/Users/kaishiraishi/.local/lib/python3.13/site-packages/starlette/middleware/cors.py", line 144, in simple_response
    await self.app(scope, receive, send)
  File "/Users/kaishiraishi/.local/lib/python3.13/site-packages/starlette/middleware/exceptions.py", line 62, in __call__
    await wrap_app_handling_exceptions(self.app, conn)(scope, receive, send)
  File "/Users/kaishiraishi/.local/lib/python3.13/site-packages/starlette/_exception_handler.py", line 53, in wrapped_app
    raise exc
  File "/Users/kaishiraishi/.local/lib/python3.13/site-packages/starlette/_exception_handler.py", line 42, in wrapped_app
    await app(scope, receive, sender)
  File "/Users/kaishiraishi/miniconda3/lib/python3.13/site-packages/fastapi/middleware/asyncexitstack.py", line 18, in __call__
    await self.app(scope, receive, send)
  File "/Users/kaishiraishi/.local/lib/python3.13/site-packages/starlette/routing.py", line 714, in __call__
    await self.middleware_stack(scope, receive, send)
  File "/Users/kaishiraishi/.local/lib/python3.13/site-packages/starlette/routing.py", line 734, in app
    await route.handle(scope, receive, send)
  File "/Users/kaishiraishi/.local/lib/python3.13/site-packages/starlette/routing.py", line 288, in handle
    await self.app(scope, receive, send)
  File "/Users/kaishiraishi/miniconda3/lib/python3.13/site-packages/fastapi/routing.py", line 115, in app
    await wrap_app_handling_exceptions(app, request)(scope, receive, send)
  File "/Users/kaishiraishi/.local/lib/python3.13/site-packages/starlette/_exception_handler.py", line 53, in wrapped_app
    raise exc
  File "/Users/kaishiraishi/.local/lib/python3.13/site-packages/starlette/_exception_handler.py", line 42, in wrapped_app
    await app(scope, receive, sender)
  File "/Users/kaishiraishi/miniconda3/lib/python3.13/site-packages/fastapi/routing.py", line 101, in app
    response = await f(request)
               ^^^^^^^^^^^^^^^^
  File "/Users/kaishiraishi/miniconda3/lib/python3.13/site-packages/fastapi/routing.py", line 355, in app
    raw_response = await run_endpoint_function(
                   ^^^^^^^^^^^^^^^^^^^^^^^^^^^^
    ...<3 lines>...
    )
    ^
  File "/Users/kaishiraishi/miniconda3/lib/python3.13/site-packages/fastapi/routing.py", line 245, in run_endpoint_function
    return await run_in_threadpool(dependant.call, **values)
           ^^^^^^^^^^^^^^^^^^^^^^^^^^^^^^^^^^^^^^^^^^^^^^^^^
  File "/Users/kaishiraishi/.local/lib/python3.13/site-packages/starlette/concurrency.py", line 37, in run_in_threadpool
    return await anyio.to_thread.run_sync(func)
           ^^^^^^^^^^^^^^^^^^^^^^^^^^^^^^^^^^^^
  File "/Users/kaishiraishi/.local/lib/python3.13/site-packages/anyio/to_thread.py", line 56, in run_sync
    return await get_async_backend().run_sync_in_worker_thread(
           ^^^^^^^^^^^^^^^^^^^^^^^^^^^^^^^^^^^^^^^^^^^^^^^^^^^^
        func, args, abandon_on_cancel=abandon_on_cancel, limiter=limiter
        ^^^^^^^^^^^^^^^^^^^^^^^^^^^^^^^^^^^^^^^^^^^^^^^^^^^^^^^^^^^^^^^^
    )
    ^
  File "/Users/kaishiraishi/.local/lib/python3.13/site-packages/anyio/_backends/_asyncio.py", line 2485, in run_sync_in_worker_thread
    return await future
           ^^^^^^^^^^^^
  File "/Users/kaishiraishi/.local/lib/python3.13/site-packages/anyio/_backends/_asyncio.py", line 976, in run
    result = context.run(func, *args)
  File "/Users/kaishiraishi/Desktop/tokyo_nightview_web_v2/tools/dsm-api/server.py", line 131, in get_profile
    for out_i, v in zip(valid_idx, DS.sample(valid_xy, indexes=1)):
                    ~~~^^^^^^^^^^^^^^^^^^^^^^^^^^^^^^^^^^^^^^^^^^^
  File "/Users/kaishiraishi/miniconda3/lib/python3.13/site-packages/rasterio/sample.py", line 95, in sample_gen
    data = read(indexes, window=win, masked=masked)
  File "rasterio/_io.pyx", line 644, in rasterio._io.DatasetReaderBase.read
  File "rasterio/_io.pyx", line 972, in rasterio._io.DatasetReaderBase._read
rasterio.errors.RasterioIOError: Read failed. See previous exception for details.
INFO:     127.0.0.1:51925 - "POST /profile HTTP/1.1" 200 OK
INFO:     127.0.0.1:51937 - "POST /profile HTTP/1.1" 200 OK
INFO:     127.0.0.1:52538 - "OPTIONS /profile HTTP/1.1" 200 OK
INFO:     127.0.0.1:52538 - "POST /profile HTTP/1.1" 200 OK
INFO:     127.0.0.1:52538 - "POST /profile HTTP/1.1" 200 OK
INFO:     127.0.0.1:52538 - "POST /profile HTTP/1.1" 200 OK
INFO:     127.0.0.1:52538 - "POST /profile HTTP/1.1" 200 OK
INFO:     127.0.0.1:52576 - "POST /profile HTTP/1.1" 200 OK
INFO:     127.0.0.1:52590 - "POST /profile HTTP/1.1" 200 OK
INFO:     127.0.0.1:52590 - "POST /profile HTTP/1.1" 200 OK
INFO:     127.0.0.1:52590 - "POST /profile HTTP/1.1" 200 OK
INFO:     127.0.0.1:52590 - "POST /profile HTTP/1.1" 200 OK
INFO:     127.0.0.1:52590 - "POST /profile HTTP/1.1" 200 OK
INFO:     127.0.0.1:52590 - "POST /profile HTTP/1.1" 200 OK
INFO:     127.0.0.1:52623 - "POST /profile HTTP/1.1" 200 OK
INFO:     127.0.0.1:52642 - "POST /profile HTTP/1.1" 500 Internal Server Error
ERROR:    Exception in ASGI application
rasterio._err.CPLE_AppDefinedError: /Users/kaishiraishi/Desktop/PLATEAU_AWARD/Plateau_tokyo_DSM/dsm_out/DSM_tokyo.tif:Using code not yet in table

The above exception was the direct cause of the following exception:

rasterio._err.CPLE_AppDefinedError: TIFFReadEncodedStrip() failed.

The above exception was the direct cause of the following exception:

Traceback (most recent call last):
  File "rasterio/_io.pyx", line 969, in rasterio._io.DatasetReaderBase._read
  File "rasterio/_io.pyx", line 199, in rasterio._io.io_multi_band
  File "rasterio/_io.pyx", line 205, in rasterio._io.io_multi_band
  File "rasterio/_err.pyx", line 325, in rasterio._err.StackChecker.exc_wrap_int
rasterio._err.CPLE_AppDefinedError: DSM_tokyo.tif, band 1: IReadBlock failed at X offset 0, Y offset 21575: TIFFReadEncodedStrip() failed.

The above exception was the direct cause of the following exception:

Traceback (most recent call last):
  File "/Users/kaishiraishi/.local/lib/python3.13/site-packages/uvicorn/protocols/http/h11_impl.py", line 403, in run_asgi
    result = await app(  # type: ignore[func-returns-value]
             ^^^^^^^^^^^^^^^^^^^^^^^^^^^^^^^^^^^^^^^^^^^^^^
        self.scope, self.receive, self.send
        ^^^^^^^^^^^^^^^^^^^^^^^^^^^^^^^^^^^
    )
    ^
  File "/Users/kaishiraishi/.local/lib/python3.13/site-packages/uvicorn/middleware/proxy_headers.py", line 60, in __call__
    return await self.app(scope, receive, send)
           ^^^^^^^^^^^^^^^^^^^^^^^^^^^^^^^^^^^^
  File "/Users/kaishiraishi/miniconda3/lib/python3.13/site-packages/fastapi/applications.py", line 1135, in __call__
    await super().__call__(scope, receive, send)
  File "/Users/kaishiraishi/.local/lib/python3.13/site-packages/starlette/applications.py", line 112, in __call__
    await self.middleware_stack(scope, receive, send)
  File "/Users/kaishiraishi/.local/lib/python3.13/site-packages/starlette/middleware/errors.py", line 187, in __call__
    raise exc
  File "/Users/kaishiraishi/.local/lib/python3.13/site-packages/starlette/middleware/errors.py", line 165, in __call__
    await self.app(scope, receive, _send)
  File "/Users/kaishiraishi/.local/lib/python3.13/site-packages/starlette/middleware/cors.py", line 93, in __call__
    await self.simple_response(scope, receive, send, request_headers=headers)
  File "/Users/kaishiraishi/.local/lib/python3.13/site-packages/starlette/middleware/cors.py", line 144, in simple_response
    await self.app(scope, receive, send)
  File "/Users/kaishiraishi/.local/lib/python3.13/site-packages/starlette/middleware/exceptions.py", line 62, in __call__
    await wrap_app_handling_exceptions(self.app, conn)(scope, receive, send)
  File "/Users/kaishiraishi/.local/lib/python3.13/site-packages/starlette/_exception_handler.py", line 53, in wrapped_app
    raise exc
  File "/Users/kaishiraishi/.local/lib/python3.13/site-packages/starlette/_exception_handler.py", line 42, in wrapped_app
    await app(scope, receive, sender)
  File "/Users/kaishiraishi/miniconda3/lib/python3.13/site-packages/fastapi/middleware/asyncexitstack.py", line 18, in __call__
    await self.app(scope, receive, send)
  File "/Users/kaishiraishi/.local/lib/python3.13/site-packages/starlette/routing.py", line 714, in __call__
    await self.middleware_stack(scope, receive, send)
  File "/Users/kaishiraishi/.local/lib/python3.13/site-packages/starlette/routing.py", line 734, in app
    await route.handle(scope, receive, send)
  File "/Users/kaishiraishi/.local/lib/python3.13/site-packages/starlette/routing.py", line 288, in handle
    await self.app(scope, receive, send)
  File "/Users/kaishiraishi/miniconda3/lib/python3.13/site-packages/fastapi/routing.py", line 115, in app
    await wrap_app_handling_exceptions(app, request)(scope, receive, send)
  File "/Users/kaishiraishi/.local/lib/python3.13/site-packages/starlette/_exception_handler.py", line 53, in wrapped_app
    raise exc
  File "/Users/kaishiraishi/.local/lib/python3.13/site-packages/starlette/_exception_handler.py", line 42, in wrapped_app
    await app(scope, receive, sender)
  File "/Users/kaishiraishi/miniconda3/lib/python3.13/site-packages/fastapi/routing.py", line 101, in app
    response = await f(request)
               ^^^^^^^^^^^^^^^^
  File "/Users/kaishiraishi/miniconda3/lib/python3.13/site-packages/fastapi/routing.py", line 355, in app
    raw_response = await run_endpoint_function(
                   ^^^^^^^^^^^^^^^^^^^^^^^^^^^^
    ...<3 lines>...
    )
    ^
  File "/Users/kaishiraishi/miniconda3/lib/python3.13/site-packages/fastapi/routing.py", line 245, in run_endpoint_function
    return await run_in_threadpool(dependant.call, **values)
           ^^^^^^^^^^^^^^^^^^^^^^^^^^^^^^^^^^^^^^^^^^^^^^^^^
  File "/Users/kaishiraishi/.local/lib/python3.13/site-packages/starlette/concurrency.py", line 37, in run_in_threadpool
    return await anyio.to_thread.run_sync(func)
           ^^^^^^^^^^^^^^^^^^^^^^^^^^^^^^^^^^^^
  File "/Users/kaishiraishi/.local/lib/python3.13/site-packages/anyio/to_thread.py", line 56, in run_sync
    return await get_async_backend().run_sync_in_worker_thread(
           ^^^^^^^^^^^^^^^^^^^^^^^^^^^^^^^^^^^^^^^^^^^^^^^^^^^^
        func, args, abandon_on_cancel=abandon_on_cancel, limiter=limiter
        ^^^^^^^^^^^^^^^^^^^^^^^^^^^^^^^^^^^^^^^^^^^^^^^^^^^^^^^^^^^^^^^^
    )
    ^
  File "/Users/kaishiraishi/.local/lib/python3.13/site-packages/anyio/_backends/_asyncio.py", line 2485, in run_sync_in_worker_thread
    return await future
           ^^^^^^^^^^^^
  File "/Users/kaishiraishi/.local/lib/python3.13/site-packages/anyio/_backends/_asyncio.py", line 976, in run
    result = context.run(func, *args)
  File "/Users/kaishiraishi/Desktop/tokyo_nightview_web_v2/tools/dsm-api/server.py", line 131, in get_profile
    for out_i, v in zip(valid_idx, DS.sample(valid_xy, indexes=1)):
                    ~~~^^^^^^^^^^^^^^^^^^^^^^^^^^^^^^^^^^^^^^^^^^^
  File "/Users/kaishiraishi/miniconda3/lib/python3.13/site-packages/rasterio/sample.py", line 95, in sample_gen
    data = read(indexes, window=win, masked=masked)
  File "rasterio/_io.pyx", line 644, in rasterio._io.DatasetReaderBase.read
  File "rasterio/_io.pyx", line 972, in rasterio._io.DatasetReaderBase._read
rasterio.errors.RasterioIOError: Read failed. See previous exception for details.
INFO:     127.0.0.1:52644 - "POST /profile HTTP/1.1" 200 OK
INFO:     127.0.0.1:52644 - "POST /profile HTTP/1.1" 200 OK
